# JRE version: OpenJDK Runtime Environment (7.0_85-b01) (build 1.7.0_85-b01)
# Java VM: OpenJDK 64-Bit Server VM (24.85-b03 mixed mode linux-amd64 compressed oops)
Heap
 PSYoungGen      total 153600K, used 28714K [0x00000000ef900000, 0x00000000fee00000, 0x0000000100000000)
  eden space 144384K, 19% used [0x00000000ef900000,0x00000000f150ab50,0x00000000f8600000)
  from space 9216K, 0% used [0x00000000f8600000,0x00000000f8600000,0x00000000f8f00000)
  to   space 9728K, 0% used [0x00000000fe480000,0x00000000fe480000,0x00000000fee00000)
 ParOldGen       total 35328K, used 15971K [0x00000000cec00000, 0x00000000d0e80000, 0x00000000ef900000)
  object space 35328K, 45% used [0x00000000cec00000,0x00000000cfb98f58,0x00000000d0e80000)
 PSPermGen       total 40960K, used 22363K [0x00000000b6c00000, 0x00000000b9400000, 0x00000000cec00000)
  object space 40960K, 54% used [0x00000000b6c00000,0x00000000b81d6de0,0x00000000b9400000)
GC Heap History (10 events):
Event: 3.212 GC heap before
{Heap before GC invocations=6 (full 0):
 PSYoungGen      total 37888K, used 37856K [0x00000000ef900000, 0x00000000f4800000, 0x0000000100000000)
  eden space 36864K, 100% used [0x00000000ef900000,0x00000000f1d00000,0x00000000f1d00000)
  from space 1024K, 96% used [0x00000000f1d00000,0x00000000f1df8020,0x00000000f1e00000)
  to   space 3584K, 0% used [0x00000000f4480000,0x00000000f4480000,0x00000000f4800000)
 ParOldGen       total 22016K, used 6815K [0x00000000cec00000, 0x00000000d0180000, 0x00000000ef900000)
  object space 22016K, 30% used [0x00000000cec00000,0x00000000cf2a7dd8,0x00000000d0180000)
 PSPermGen       total 32768K, used 16664K [0x00000000b6c00000, 0x00000000b8c00000, 0x00000000cec00000)
  object space 32768K, 50% used [0x00000000b6c00000,0x00000000b7c46398,0x00000000b8c00000)
Event: 3.224 GC heap after
Heap after GC invocations=6 (full 0):
 PSYoungGen      total 77312K, used 2528K [0x00000000ef900000, 0x00000000f4800000, 0x0000000100000000)
  eden space 73728K, 0% used [0x00000000ef900000,0x00000000ef900000,0x00000000f4100000)
  from space 3584K, 70% used [0x00000000f4480000,0x00000000f46f8020,0x00000000f4800000)
  to   space 3584K, 0% used [0x00000000f4100000,0x00000000f4100000,0x00000000f4480000)
 ParOldGen       total 22016K, used 6815K [0x00000000cec00000, 0x00000000d0180000, 0x00000000ef900000)
  object space 22016K, 30% used [0x00000000cec00000,0x00000000cf2a7dd8,0x00000000d0180000)
 PSPermGen       total 32768K, used 16664K [0x00000000b6c00000, 0x00000000b8c00000, 0x00000000cec00000)
  object space 32768K, 50% used [0x00000000b6c00000,0x00000000b7c46398,0x00000000b8c00000)
}
Event: 4.138 GC heap before
{Heap before GC invocations=7 (full 0):
 PSYoungGen      total 77312K, used 76256K [0x00000000ef900000, 0x00000000f4800000, 0x0000000100000000)
  eden space 73728K, 100% used [0x00000000ef900000,0x00000000f4100000,0x00000000f4100000)
  from space 3584K, 70% used [0x00000000f4480000,0x00000000f46f8020,0x00000000f4800000)
  to   space 3584K, 0% used [0x00000000f4100000,0x00000000f4100000,0x00000000f4480000)
 ParOldGen       total 22016K, used 6815K [0x00000000cec00000, 0x00000000d0180000, 0x00000000ef900000)
  object space 22016K, 30% used [0x00000000cec00000,0x00000000cf2a7dd8,0x00000000d0180000)
 PSPermGen       total 32768K, used 19774K [0x00000000b6c00000, 0x00000000b8c00000, 0x00000000cec00000)
  object space 32768K, 60% used [0x00000000b6c00000,0x00000000b7f4f9f8,0x00000000b8c00000)
Event: 4.161 GC heap after
Heap after GC invocations=7 (full 0):
 PSYoungGen      total 77312K, used 3581K [0x00000000ef900000, 0x00000000f9500000, 0x0000000100000000)
  eden space 73728K, 0% used [0x00000000ef900000,0x00000000ef900000,0x00000000f4100000)
  from space 3584K, 99% used [0x00000000f4100000,0x00000000f447f6c0,0x00000000f4480000)
  to   space 6144K, 0% used [0x00000000f8f00000,0x00000000f8f00000,0x00000000f9500000)
 ParOldGen       total 22016K, used 11112K [0x00000000cec00000, 0x00000000d0180000, 0x00000000ef900000)
  object space 22016K, 50% used [0x00000000cec00000,0x00000000cf6da008,0x00000000d0180000)
 PSPermGen       total 32768K, used 19774K [0x00000000b6c00000, 0x00000000b8c00000, 0x00000000cec00000)
  object space 32768K, 60% used [0x00000000b6c00000,0x00000000b7f4f9f8,0x00000000b8c00000)
}
Event: 5.499 GC heap before
{Heap before GC invocations=8 (full 0):
 PSYoungGen      total 77312K, used 77309K [0x00000000ef900000, 0x00000000f9500000, 0x0000000100000000)
  eden space 73728K, 100% used [0x00000000ef900000,0x00000000f4100000,0x00000000f4100000)
  from space 3584K, 99% used [0x00000000f4100000,0x00000000f447f6c0,0x00000000f4480000)
  to   space 6144K, 0% used [0x00000000f8f00000,0x00000000f8f00000,0x00000000f9500000)
 ParOldGen       total 22016K, used 11112K [0x00000000cec00000, 0x00000000d0180000, 0x00000000ef900000)
  object space 22016K, 50% used [0x00000000cec00000,0x00000000cf6da008,0x00000000d0180000)
 PSPermGen       total 32768K, used 20097K [0x00000000b6c00000, 0x00000000b8c00000, 0x00000000cec00000)
  object space 32768K, 61% used [0x00000000b6c00000,0x00000000b7fa0478,0x00000000b8c00000)
Event: 5.522 GC heap after
Heap after GC invocations=8 (full 0):
 PSYoungGen      total 150528K, used 6118K [0x00000000ef900000, 0x00000000f9b00000, 0x0000000100000000)
  eden space 144384K, 0% used [0x00000000ef900000,0x00000000ef900000,0x00000000f8600000)
  from space 6144K, 99% used [0x00000000f8f00000,0x00000000f94f9af8,0x00000000f9500000)
  to   space 9216K, 0% used [0x00000000f8600000,0x00000000f8600000,0x00000000f8f00000)
 ParOldGen       total 22016K, used 16394K [0x00000000cec00000, 0x00000000d0180000, 0x00000000ef900000)
  object space 22016K, 74% used [0x00000000cec00000,0x00000000cfc02920,0x00000000d0180000)
 PSPermGen       total 32768K, used 20097K [0x00000000b6c00000, 0x00000000b8c00000, 0x00000000cec00000)
  object space 32768K, 61% used [0x00000000b6c00000,0x00000000b7fa0478,0x00000000b8c00000)
}
Event: 7.633 GC heap before
{Heap before GC invocations=9 (full 0):
 PSYoungGen      total 150528K, used 150502K [0x00000000ef900000, 0x00000000f9b00000, 0x0000000100000000)
  eden space 144384K, 100% used [0x00000000ef900000,0x00000000f8600000,0x00000000f8600000)
  from space 6144K, 99% used [0x00000000f8f00000,0x00000000f94f9af8,0x00000000f9500000)
  to   space 9216K, 0% used [0x00000000f8600000,0x00000000f8600000,0x00000000f8f00000)
 ParOldGen       total 22016K, used 16394K [0x00000000cec00000, 0x00000000d0180000, 0x00000000ef900000)
  object space 22016K, 74% used [0x00000000cec00000,0x00000000cfc02920,0x00000000d0180000)
 PSPermGen       total 32768K, used 20261K [0x00000000b6c00000, 0x00000000b8c00000, 0x00000000cec00000)
  object space 32768K, 61% used [0x00000000b6c00000,0x00000000b7fc9768,0x00000000b8c00000)
Event: 7.644 GC heap after
Heap after GC invocations=9 (full 0):
 PSYoungGen      total 153600K, used 6900K [0x00000000ef900000, 0x00000000fee00000, 0x0000000100000000)
  eden space 144384K, 0% used [0x00000000ef900000,0x00000000ef900000,0x00000000f8600000)
  from space 9216K, 74% used [0x00000000f8600000,0x00000000f8cbd0c0,0x00000000f8f00000)
  to   space 9728K, 0% used [0x00000000fe480000,0x00000000fe480000,0x00000000fee00000)
 ParOldGen       total 22016K, used 17314K [0x00000000cec00000, 0x00000000d0180000, 0x00000000ef900000)
  object space 22016K, 78% used [0x00000000cec00000,0x00000000cfce8920,0x00000000d0180000)
 PSPermGen       total 32768K, used 20261K [0x00000000b6c00000, 0x00000000b8c00000, 0x00000000cec00000)
  object space 32768K, 61% used [0x00000000b6c00000,0x00000000b7fc9768,0x00000000b8c00000)
}
Event: 7.644 GC heap before
{Heap before GC invocations=10 (full 1):
 PSYoungGen      total 153600K, used 6900K [0x00000000ef900000, 0x00000000fee00000, 0x0000000100000000)
  eden space 144384K, 0% used [0x00000000ef900000,0x00000000ef900000,0x00000000f8600000)
  from space 9216K, 74% used [0x00000000f8600000,0x00000000f8cbd0c0,0x00000000f8f00000)
  to   space 9728K, 0% used [0x00000000fe480000,0x00000000fe480000,0x00000000fee00000)
 ParOldGen       total 22016K, used 17314K [0x00000000cec00000, 0x00000000d0180000, 0x00000000ef900000)
  object space 22016K, 78% used [0x00000000cec00000,0x00000000cfce8920,0x00000000d0180000)
 PSPermGen       total 32768K, used 20261K [0x00000000b6c00000, 0x00000000b8c00000, 0x00000000cec00000)
  object space 32768K, 61% used [0x00000000b6c00000,0x00000000b7fc9768,0x00000000b8c00000)
Event: 7.787 GC heap after
Heap after GC invocations=10 (full 1):
 PSYoungGen      total 153600K, used 0K [0x00000000ef900000, 0x00000000fee00000, 0x0000000100000000)
  eden space 144384K, 0% used [0x00000000ef900000,0x00000000ef900000,0x00000000f8600000)
  from space 9216K, 0% used [0x00000000f8600000,0x00000000f8600000,0x00000000f8f00000)
  to   space 9728K, 0% used [0x00000000fe480000,0x00000000fe480000,0x00000000fee00000)
 ParOldGen       total 35328K, used 15971K [0x00000000cec00000, 0x00000000d0e80000, 0x00000000ef900000)
  object space 35328K, 45% used [0x00000000cec00000,0x00000000cfb98f58,0x00000000d0e80000)
 PSPermGen       total 40960K, used 20255K [0x00000000b6c00000, 0x00000000b9400000, 0x00000000cec00000)
  object space 40960K, 49% used [0x00000000b6c00000,0x00000000b7fc7d90,0x00000000b9400000)
}

