# JRE version: OpenJDK Runtime Environment (7.0_85-b01) (build 1.7.0_85-b01)
# Java VM: OpenJDK 64-Bit Server VM (24.85-b03 mixed mode linux-amd64 compressed oops)
Heap
 PSYoungGen      total 153600K, used 31129K [0x00000000ef900000, 0x00000000fee00000, 0x0000000100000000)
  eden space 144384K, 17% used [0x00000000ef900000,0x00000000f114b968,0x00000000f8600000)
  from space 9216K, 67% used [0x00000000f8600000,0x00000000f8c1ac18,0x00000000f8f00000)
  to   space 9728K, 0% used [0x00000000fe480000,0x00000000fe480000,0x00000000fee00000)
 ParOldGen       total 22016K, used 17022K [0x00000000cec00000, 0x00000000d0180000, 0x00000000ef900000)
  object space 22016K, 77% used [0x00000000cec00000,0x00000000cfc9fb88,0x00000000d0180000)
 PSPermGen       total 32768K, used 22066K [0x00000000b6c00000, 0x00000000b8c00000, 0x00000000cec00000)
  object space 32768K, 67% used [0x00000000b6c00000,0x00000000b818c840,0x00000000b8c00000)
GC Heap History (10 events):
Event: 3.233 GC heap before
{Heap before GC invocations=5 (full 0):
 PSYoungGen      total 37888K, used 37872K [0x00000000ef900000, 0x00000000f1f00000, 0x0000000100000000)
  eden space 36864K, 100% used [0x00000000ef900000,0x00000000f1d00000,0x00000000f1d00000)
  from space 1024K, 98% used [0x00000000f1e00000,0x00000000f1efc010,0x00000000f1f00000)
  to   space 1024K, 0% used [0x00000000f1d00000,0x00000000f1d00000,0x00000000f1e00000)
 ParOldGen       total 22016K, used 4225K [0x00000000cec00000, 0x00000000d0180000, 0x00000000ef900000)
  object space 22016K, 19% used [0x00000000cec00000,0x00000000cf020668,0x00000000d0180000)
 PSPermGen       total 32768K, used 16183K [0x00000000b6c00000, 0x00000000b8c00000, 0x00000000cec00000)
  object space 32768K, 49% used [0x00000000b6c00000,0x00000000b7bcddc8,0x00000000b8c00000)
Event: 3.243 GC heap after
Heap after GC invocations=5 (full 0):
 PSYoungGen      total 37888K, used 1008K [0x00000000ef900000, 0x00000000f4800000, 0x0000000100000000)
  eden space 36864K, 0% used [0x00000000ef900000,0x00000000ef900000,0x00000000f1d00000)
  from space 1024K, 98% used [0x00000000f1d00000,0x00000000f1dfc010,0x00000000f1e00000)
  to   space 3584K, 0% used [0x00000000f4480000,0x00000000f4480000,0x00000000f4800000)
 ParOldGen       total 22016K, used 6174K [0x00000000cec00000, 0x00000000d0180000, 0x00000000ef900000)
  object space 22016K, 28% used [0x00000000cec00000,0x00000000cf207938,0x00000000d0180000)
 PSPermGen       total 32768K, used 16183K [0x00000000b6c00000, 0x00000000b8c00000, 0x00000000cec00000)
  object space 32768K, 49% used [0x00000000b6c00000,0x00000000b7bcddc8,0x00000000b8c00000)
}
Event: 3.482 GC heap before
{Heap before GC invocations=6 (full 0):
 PSYoungGen      total 37888K, used 37872K [0x00000000ef900000, 0x00000000f4800000, 0x0000000100000000)
  eden space 36864K, 100% used [0x00000000ef900000,0x00000000f1d00000,0x00000000f1d00000)
  from space 1024K, 98% used [0x00000000f1d00000,0x00000000f1dfc010,0x00000000f1e00000)
  to   space 3584K, 0% used [0x00000000f4480000,0x00000000f4480000,0x00000000f4800000)
 ParOldGen       total 22016K, used 6174K [0x00000000cec00000, 0x00000000d0180000, 0x00000000ef900000)
  object space 22016K, 28% used [0x00000000cec00000,0x00000000cf207938,0x00000000d0180000)
 PSPermGen       total 32768K, used 16549K [0x00000000b6c00000, 0x00000000b8c00000, 0x00000000cec00000)
  object space 32768K, 50% used [0x00000000b6c00000,0x00000000b7c296d8,0x00000000b8c00000)
Event: 3.494 GC heap after
Heap after GC invocations=6 (full 0):
 PSYoungGen      total 77312K, used 2496K [0x00000000ef900000, 0x00000000f4800000, 0x0000000100000000)
  eden space 73728K, 0% used [0x00000000ef900000,0x00000000ef900000,0x00000000f4100000)
  from space 3584K, 69% used [0x00000000f4480000,0x00000000f46f0000,0x00000000f4800000)
  to   space 3584K, 0% used [0x00000000f4100000,0x00000000f4100000,0x00000000f4480000)
 ParOldGen       total 22016K, used 6174K [0x00000000cec00000, 0x00000000d0180000, 0x00000000ef900000)
  object space 22016K, 28% used [0x00000000cec00000,0x00000000cf207938,0x00000000d0180000)
 PSPermGen       total 32768K, used 16549K [0x00000000b6c00000, 0x00000000b8c00000, 0x00000000cec00000)
  object space 32768K, 50% used [0x00000000b6c00000,0x00000000b7c296d8,0x00000000b8c00000)
}
Event: 4.626 GC heap before
{Heap before GC invocations=7 (full 0):
 PSYoungGen      total 77312K, used 76224K [0x00000000ef900000, 0x00000000f4800000, 0x0000000100000000)
  eden space 73728K, 100% used [0x00000000ef900000,0x00000000f4100000,0x00000000f4100000)
  from space 3584K, 69% used [0x00000000f4480000,0x00000000f46f0000,0x00000000f4800000)
  to   space 3584K, 0% used [0x00000000f4100000,0x00000000f4100000,0x00000000f4480000)
 ParOldGen       total 22016K, used 6174K [0x00000000cec00000, 0x00000000d0180000, 0x00000000ef900000)
  object space 22016K, 28% used [0x00000000cec00000,0x00000000cf207938,0x00000000d0180000)
 PSPermGen       total 32768K, used 19665K [0x00000000b6c00000, 0x00000000b8c00000, 0x00000000cec00000)
  object space 32768K, 60% used [0x00000000b6c00000,0x00000000b7f34410,0x00000000b8c00000)
Event: 4.643 GC heap after
Heap after GC invocations=7 (full 0):
 PSYoungGen      total 77312K, used 3582K [0x00000000ef900000, 0x00000000f9500000, 0x0000000100000000)
  eden space 73728K, 0% used [0x00000000ef900000,0x00000000ef900000,0x00000000f4100000)
  from space 3584K, 99% used [0x00000000f4100000,0x00000000f447f968,0x00000000f4480000)
  to   space 6144K, 0% used [0x00000000f8f00000,0x00000000f8f00000,0x00000000f9500000)
 ParOldGen       total 22016K, used 10436K [0x00000000cec00000, 0x00000000d0180000, 0x00000000ef900000)
  object space 22016K, 47% used [0x00000000cec00000,0x00000000cf631178,0x00000000d0180000)
 PSPermGen       total 32768K, used 19665K [0x00000000b6c00000, 0x00000000b8c00000, 0x00000000cec00000)
  object space 32768K, 60% used [0x00000000b6c00000,0x00000000b7f34410,0x00000000b8c00000)
}
Event: 6.190 GC heap before
{Heap before GC invocations=8 (full 0):
 PSYoungGen      total 77312K, used 77310K [0x00000000ef900000, 0x00000000f9500000, 0x0000000100000000)
  eden space 73728K, 100% used [0x00000000ef900000,0x00000000f4100000,0x00000000f4100000)
  from space 3584K, 99% used [0x00000000f4100000,0x00000000f447f968,0x00000000f4480000)
  to   space 6144K, 0% used [0x00000000f8f00000,0x00000000f8f00000,0x00000000f9500000)
 ParOldGen       total 22016K, used 10436K [0x00000000cec00000, 0x00000000d0180000, 0x00000000ef900000)
  object space 22016K, 47% used [0x00000000cec00000,0x00000000cf631178,0x00000000d0180000)
 PSPermGen       total 32768K, used 19909K [0x00000000b6c00000, 0x00000000b8c00000, 0x00000000cec00000)
  object space 32768K, 60% used [0x00000000b6c00000,0x00000000b7f71520,0x00000000b8c00000)
Event: 6.219 GC heap after
Heap after GC invocations=8 (full 0):
 PSYoungGen      total 150528K, used 6135K [0x00000000ef900000, 0x00000000f9b00000, 0x0000000100000000)
  eden space 144384K, 0% used [0x00000000ef900000,0x00000000ef900000,0x00000000f8600000)
  from space 6144K, 99% used [0x00000000f8f00000,0x00000000f94fdf68,0x00000000f9500000)
  to   space 9216K, 0% used [0x00000000f8600000,0x00000000f8600000,0x00000000f8f00000)
 ParOldGen       total 22016K, used 15550K [0x00000000cec00000, 0x00000000d0180000, 0x00000000ef900000)
  object space 22016K, 70% used [0x00000000cec00000,0x00000000cfb2fb78,0x00000000d0180000)
 PSPermGen       total 32768K, used 19909K [0x00000000b6c00000, 0x00000000b8c00000, 0x00000000cec00000)
  object space 32768K, 60% used [0x00000000b6c00000,0x00000000b7f71520,0x00000000b8c00000)
}
Event: 8.663 GC heap before
{Heap before GC invocations=9 (full 0):
 PSYoungGen      total 150528K, used 150519K [0x00000000ef900000, 0x00000000f9b00000, 0x0000000100000000)
  eden space 144384K, 100% used [0x00000000ef900000,0x00000000f8600000,0x00000000f8600000)
  from space 6144K, 99% used [0x00000000f8f00000,0x00000000f94fdf68,0x00000000f9500000)
  to   space 9216K, 0% used [0x00000000f8600000,0x00000000f8600000,0x00000000f8f00000)
 ParOldGen       total 22016K, used 15550K [0x00000000cec00000, 0x00000000d0180000, 0x00000000ef900000)
  object space 22016K, 70% used [0x00000000cec00000,0x00000000cfb2fb78,0x00000000d0180000)
 PSPermGen       total 32768K, used 20088K [0x00000000b6c00000, 0x00000000b8c00000, 0x00000000cec00000)
  object space 32768K, 61% used [0x00000000b6c00000,0x00000000b7f9e290,0x00000000b8c00000)
Event: 8.680 GC heap after
Heap after GC invocations=9 (full 0):
 PSYoungGen      total 153600K, used 6251K [0x00000000ef900000, 0x00000000fee00000, 0x0000000100000000)
  eden space 144384K, 0% used [0x00000000ef900000,0x00000000ef900000,0x00000000f8600000)
  from space 9216K, 67% used [0x00000000f8600000,0x00000000f8c1ac18,0x00000000f8f00000)
  to   space 9728K, 0% used [0x00000000fe480000,0x00000000fe480000,0x00000000fee00000)
 ParOldGen       total 22016K, used 17022K [0x00000000cec00000, 0x00000000d0180000, 0x00000000ef900000)
  object space 22016K, 77% used [0x00000000cec00000,0x00000000cfc9fb88,0x00000000d0180000)
 PSPermGen       total 32768K, used 20088K [0x00000000b6c00000, 0x00000000b8c00000, 0x00000000cec00000)
  object space 32768K, 61% used [0x00000000b6c00000,0x00000000b7f9e290,0x00000000b8c00000)
}

